<?xml version="1.0" encoding="UTF-8"?>
<!-- Generated by org.testng.reporters.JUnitReportReporter -->
<testsuite hostname="DigVijay" failures="0" tests="1" name="com.Project.Guru99.TestCases.EditCustomerPageTest" time="14.509" errors="0" timestamp="2023-08-23T16:28:25 IST" skipped="0">
  <testcase classname="com.Project.Guru99.TestCases.EditCustomerPageTest" name="EditCustomer_TC001" time="14.509"/>
  <system-out/>
</testsuite> <!-- com.Project.Guru99.TestCases.EditCustomerPageTest -->
