<?xml version="1.0" encoding="UTF-8"?>
<!-- Generated by org.testng.reporters.JUnitReportReporter -->
<testsuite hostname="DigVijay" failures="0" tests="1" name="com.Project.Guru99.TestCases.CustomerPageTest" time="20.212" errors="0" timestamp="2023-08-20T20:23:21 IST" skipped="0">
  <testcase classname="com.Project.Guru99.TestCases.CustomerPageTest" name="validate_customer_name_TC001" time="20.212"/>
  <system-out/>
</testsuite> <!-- com.Project.Guru99.TestCases.CustomerPageTest -->
