<?xml version="1.0" encoding="UTF-8"?>
<!-- Generated by org.testng.reporters.JUnitReportReporter -->
<testsuite hostname="DigVijay" failures="0" tests="5" name="com.Project.Guru99.TestCases.BalanceEnquiryPageTest" time="65.152" errors="0" timestamp="2023-08-26T12:47:25 IST" skipped="0">
  <testcase classname="com.Project.Guru99.TestCases.BalanceEnquiryPageTest" name="validate_balance_enquiry_TC001" time="15.134"/>
  <system-out/>
  <testcase classname="com.Project.Guru99.TestCases.BalanceEnquiryPageTest" name="validate_balance_enquiry_TC003" time="12.758"/>
  <system-out/>
  <testcase classname="com.Project.Guru99.TestCases.BalanceEnquiryPageTest" name="validate_balance_enquiry_TC002" time="11.961"/>
  <system-out/>
  <testcase classname="com.Project.Guru99.TestCases.BalanceEnquiryPageTest" name="validate_balance_enquiry_TC004" time="12.609"/>
  <system-out/>
  <testcase classname="com.Project.Guru99.TestCases.BalanceEnquiryPageTest" name="validate_balance_enquiry_TC005" time="12.690"/>
  <system-out/>
</testsuite> <!-- com.Project.Guru99.TestCases.BalanceEnquiryPageTest -->
